::1 - - [01/Mar/2020:10:36:01 +0000] "GET / HTTP/1.1" 200 - "http://localhost:3000/products/5e5b81e879924e1e14132b96" "Mozilla/5.0 (X11; Linux x86_64) AppleWebKit/537.36 (KHTML, like Gecko) Chrome/80.0.3987.122 Safari/537.36"
::1 - - [01/Mar/2020:10:36:01 +0000] "GET /css/main.css HTTP/1.1" 200 - "http://localhost:3000/" "Mozilla/5.0 (X11; Linux x86_64) AppleWebKit/537.36 (KHTML, like Gecko) Chrome/80.0.3987.122 Safari/537.36"
::1 - - [01/Mar/2020:10:36:01 +0000] "GET /css/product.css HTTP/1.1" 200 379 "http://localhost:3000/" "Mozilla/5.0 (X11; Linux x86_64) AppleWebKit/537.36 (KHTML, like Gecko) Chrome/80.0.3987.122 Safari/537.36"
::1 - - [01/Mar/2020:10:36:01 +0000] "GET /images/2020-03-01T09:34:22.312Z-The%20Psychology%20Book.jpg HTTP/1.1" 200 79202 "http://localhost:3000/" "Mozilla/5.0 (X11; Linux x86_64) AppleWebKit/537.36 (KHTML, like Gecko) Chrome/80.0.3987.122 Safari/537.36"
::1 - - [01/Mar/2020:10:36:01 +0000] "GET /images/2020-03-01T09:35:35.387Z-100+%20Management%20Models.jpg HTTP/1.1" 200 41749 "http://localhost:3000/" "Mozilla/5.0 (X11; Linux x86_64) AppleWebKit/537.36 (KHTML, like Gecko) Chrome/80.0.3987.122 Safari/537.36"
::1 - - [01/Mar/2020:10:36:02 +0000] "GET /images/2020-03-01T09:36:35.319Z-The%20Politics%20Book.jpg HTTP/1.1" 200 73348 "http://localhost:3000/" "Mozilla/5.0 (X11; Linux x86_64) AppleWebKit/537.36 (KHTML, like Gecko) Chrome/80.0.3987.122 Safari/537.36"
::1 - - [01/Mar/2020:10:36:02 +0000] "GET /js/main.js HTTP/1.1" 200 519 "http://localhost:3000/" "Mozilla/5.0 (X11; Linux x86_64) AppleWebKit/537.36 (KHTML, like Gecko) Chrome/80.0.3987.122 Safari/537.36"
::1 - - [01/Mar/2020:10:36:26 +0000] "POST /logout HTTP/1.1" 302 46 "http://localhost:3000/" "Mozilla/5.0 (X11; Linux x86_64) AppleWebKit/537.36 (KHTML, like Gecko) Chrome/80.0.3987.122 Safari/537.36"
::1 - - [01/Mar/2020:10:36:28 +0000] "GET / HTTP/1.1" 200 - "http://localhost:3000/" "Mozilla/5.0 (X11; Linux x86_64) AppleWebKit/537.36 (KHTML, like Gecko) Chrome/80.0.3987.122 Safari/537.36"
::1 - - [01/Mar/2020:10:36:28 +0000] "GET /css/main.css HTTP/1.1" 200 - "http://localhost:3000/" "Mozilla/5.0 (X11; Linux x86_64) AppleWebKit/537.36 (KHTML, like Gecko) Chrome/80.0.3987.122 Safari/537.36"
::1 - - [01/Mar/2020:10:36:28 +0000] "GET /css/product.css HTTP/1.1" 200 379 "http://localhost:3000/" "Mozilla/5.0 (X11; Linux x86_64) AppleWebKit/537.36 (KHTML, like Gecko) Chrome/80.0.3987.122 Safari/537.36"
::1 - - [01/Mar/2020:10:36:28 +0000] "GET /images/2020-03-01T09:34:22.312Z-The%20Psychology%20Book.jpg HTTP/1.1" 200 79202 "http://localhost:3000/" "Mozilla/5.0 (X11; Linux x86_64) AppleWebKit/537.36 (KHTML, like Gecko) Chrome/80.0.3987.122 Safari/537.36"
::1 - - [01/Mar/2020:10:36:28 +0000] "GET /images/2020-03-01T09:35:35.387Z-100+%20Management%20Models.jpg HTTP/1.1" 200 41749 "http://localhost:3000/" "Mozilla/5.0 (X11; Linux x86_64) AppleWebKit/537.36 (KHTML, like Gecko) Chrome/80.0.3987.122 Safari/537.36"
::1 - - [01/Mar/2020:10:36:28 +0000] "GET /js/main.js HTTP/1.1" 200 519 "http://localhost:3000/" "Mozilla/5.0 (X11; Linux x86_64) AppleWebKit/537.36 (KHTML, like Gecko) Chrome/80.0.3987.122 Safari/537.36"
::1 - - [01/Mar/2020:10:36:28 +0000] "GET /images/2020-03-01T09:36:35.319Z-The%20Politics%20Book.jpg HTTP/1.1" 200 73348 "http://localhost:3000/" "Mozilla/5.0 (X11; Linux x86_64) AppleWebKit/537.36 (KHTML, like Gecko) Chrome/80.0.3987.122 Safari/537.36"
::1 - - [01/Mar/2020:10:36:35 +0000] "GET /login HTTP/1.1" 200 - "http://localhost:3000/" "Mozilla/5.0 (X11; Linux x86_64) AppleWebKit/537.36 (KHTML, like Gecko) Chrome/80.0.3987.122 Safari/537.36"
::1 - - [01/Mar/2020:10:36:35 +0000] "GET /css/main.css HTTP/1.1" 200 - "http://localhost:3000/login" "Mozilla/5.0 (X11; Linux x86_64) AppleWebKit/537.36 (KHTML, like Gecko) Chrome/80.0.3987.122 Safari/537.36"
::1 - - [01/Mar/2020:10:36:35 +0000] "GET /css/forms.css HTTP/1.1" 200 438 "http://localhost:3000/login" "Mozilla/5.0 (X11; Linux x86_64) AppleWebKit/537.36 (KHTML, like Gecko) Chrome/80.0.3987.122 Safari/537.36"
::1 - - [01/Mar/2020:10:36:35 +0000] "GET /js/main.js HTTP/1.1" 200 519 "http://localhost:3000/login" "Mozilla/5.0 (X11; Linux x86_64) AppleWebKit/537.36 (KHTML, like Gecko) Chrome/80.0.3987.122 Safari/537.36"
::1 - - [01/Mar/2020:10:36:35 +0000] "GET /css/auth.css HTTP/1.1" 200 84 "http://localhost:3000/login" "Mozilla/5.0 (X11; Linux x86_64) AppleWebKit/537.36 (KHTML, like Gecko) Chrome/80.0.3987.122 Safari/537.36"
::1 - - [01/Mar/2020:10:36:41 +0000] "POST /login HTTP/1.1" 302 46 "http://localhost:3000/login" "Mozilla/5.0 (X11; Linux x86_64) AppleWebKit/537.36 (KHTML, like Gecko) Chrome/80.0.3987.122 Safari/537.36"
::1 - - [01/Mar/2020:10:36:45 +0000] "GET / HTTP/1.1" 200 - "http://localhost:3000/login" "Mozilla/5.0 (X11; Linux x86_64) AppleWebKit/537.36 (KHTML, like Gecko) Chrome/80.0.3987.122 Safari/537.36"
::1 - - [01/Mar/2020:10:36:45 +0000] "GET /css/main.css HTTP/1.1" 200 - "http://localhost:3000/" "Mozilla/5.0 (X11; Linux x86_64) AppleWebKit/537.36 (KHTML, like Gecko) Chrome/80.0.3987.122 Safari/537.36"
::1 - - [01/Mar/2020:10:36:45 +0000] "GET /css/product.css HTTP/1.1" 200 379 "http://localhost:3000/" "Mozilla/5.0 (X11; Linux x86_64) AppleWebKit/537.36 (KHTML, like Gecko) Chrome/80.0.3987.122 Safari/537.36"
::1 - - [01/Mar/2020:10:36:45 +0000] "GET /images/2020-03-01T09:35:35.387Z-100+%20Management%20Models.jpg HTTP/1.1" 200 41749 "http://localhost:3000/" "Mozilla/5.0 (X11; Linux x86_64) AppleWebKit/537.36 (KHTML, like Gecko) Chrome/80.0.3987.122 Safari/537.36"
::1 - - [01/Mar/2020:10:36:45 +0000] "GET /images/2020-03-01T09:34:22.312Z-The%20Psychology%20Book.jpg HTTP/1.1" 200 79202 "http://localhost:3000/" "Mozilla/5.0 (X11; Linux x86_64) AppleWebKit/537.36 (KHTML, like Gecko) Chrome/80.0.3987.122 Safari/537.36"
::1 - - [01/Mar/2020:10:36:45 +0000] "GET /js/main.js HTTP/1.1" 200 519 "http://localhost:3000/" "Mozilla/5.0 (X11; Linux x86_64) AppleWebKit/537.36 (KHTML, like Gecko) Chrome/80.0.3987.122 Safari/537.36"
::1 - - [01/Mar/2020:10:36:45 +0000] "GET /images/2020-03-01T09:36:35.319Z-The%20Politics%20Book.jpg HTTP/1.1" 200 73348 "http://localhost:3000/" "Mozilla/5.0 (X11; Linux x86_64) AppleWebKit/537.36 (KHTML, like Gecko) Chrome/80.0.3987.122 Safari/537.36"
::1 - - [01/Mar/2020:11:07:21 +0000] "GET / HTTP/1.1" 200 - "-" "Mozilla/5.0 (X11; Linux x86_64) AppleWebKit/537.36 (KHTML, like Gecko) Chrome/80.0.3987.122 Safari/537.36"
::1 - - [01/Mar/2020:11:07:21 +0000] "GET /css/product.css HTTP/1.1" 200 379 "http://localhost:3000/" "Mozilla/5.0 (X11; Linux x86_64) AppleWebKit/537.36 (KHTML, like Gecko) Chrome/80.0.3987.122 Safari/537.36"
::1 - - [01/Mar/2020:11:07:21 +0000] "GET /css/main.css HTTP/1.1" 200 - "http://localhost:3000/" "Mozilla/5.0 (X11; Linux x86_64) AppleWebKit/537.36 (KHTML, like Gecko) Chrome/80.0.3987.122 Safari/537.36"
::1 - - [01/Mar/2020:11:07:21 +0000] "GET /images/2020-03-01T09:34:22.312Z-The%20Psychology%20Book.jpg HTTP/1.1" 200 79202 "http://localhost:3000/" "Mozilla/5.0 (X11; Linux x86_64) AppleWebKit/537.36 (KHTML, like Gecko) Chrome/80.0.3987.122 Safari/537.36"
::1 - - [01/Mar/2020:11:07:21 +0000] "GET /images/2020-03-01T09:35:35.387Z-100+%20Management%20Models.jpg HTTP/1.1" 200 41749 "http://localhost:3000/" "Mozilla/5.0 (X11; Linux x86_64) AppleWebKit/537.36 (KHTML, like Gecko) Chrome/80.0.3987.122 Safari/537.36"
::1 - - [01/Mar/2020:11:07:21 +0000] "GET /js/main.js HTTP/1.1" 200 519 "http://localhost:3000/" "Mozilla/5.0 (X11; Linux x86_64) AppleWebKit/537.36 (KHTML, like Gecko) Chrome/80.0.3987.122 Safari/537.36"
::1 - - [01/Mar/2020:11:07:21 +0000] "GET /images/2020-03-01T09:36:35.319Z-The%20Politics%20Book.jpg HTTP/1.1" 200 73348 "http://localhost:3000/" "Mozilla/5.0 (X11; Linux x86_64) AppleWebKit/537.36 (KHTML, like Gecko) Chrome/80.0.3987.122 Safari/537.36"
::1 - - [01/Mar/2020:11:08:24 +0000] "GET /?page=2 HTTP/1.1" - - "http://localhost:3000/" "Mozilla/5.0 (X11; Linux x86_64) AppleWebKit/537.36 (KHTML, like Gecko) Chrome/80.0.3987.122 Safari/537.36"
::1 - - [01/Mar/2020:11:08:34 +0000] "GET /?page=2 HTTP/1.1" 200 - "http://localhost:3000/" "Mozilla/5.0 (X11; Linux x86_64) AppleWebKit/537.36 (KHTML, like Gecko) Chrome/80.0.3987.122 Safari/537.36"
::1 - - [01/Mar/2020:11:08:34 +0000] "GET /css/main.css HTTP/1.1" 200 - "http://localhost:3000/?page=2" "Mozilla/5.0 (X11; Linux x86_64) AppleWebKit/537.36 (KHTML, like Gecko) Chrome/80.0.3987.122 Safari/537.36"
::1 - - [01/Mar/2020:11:08:34 +0000] "GET /css/product.css HTTP/1.1" 200 379 "http://localhost:3000/?page=2" "Mozilla/5.0 (X11; Linux x86_64) AppleWebKit/537.36 (KHTML, like Gecko) Chrome/80.0.3987.122 Safari/537.36"
::1 - - [01/Mar/2020:11:08:34 +0000] "GET /images/2020-03-01T09:46:26.407Z-think%20again.jpg HTTP/1.1" 200 10359 "http://localhost:3000/?page=2" "Mozilla/5.0 (X11; Linux x86_64) AppleWebKit/537.36 (KHTML, like Gecko) Chrome/80.0.3987.122 Safari/537.36"
::1 - - [01/Mar/2020:11:08:34 +0000] "GET /js/main.js HTTP/1.1" 200 519 "http://localhost:3000/?page=2" "Mozilla/5.0 (X11; Linux x86_64) AppleWebKit/537.36 (KHTML, like Gecko) Chrome/80.0.3987.122 Safari/537.36"
::1 - - [01/Mar/2020:11:08:40 +0000] "GET /?page=1 HTTP/1.1" 200 - "http://localhost:3000/?page=2" "Mozilla/5.0 (X11; Linux x86_64) AppleWebKit/537.36 (KHTML, like Gecko) Chrome/80.0.3987.122 Safari/537.36"
::1 - - [01/Mar/2020:11:08:40 +0000] "GET /css/main.css HTTP/1.1" 200 - "http://localhost:3000/?page=1" "Mozilla/5.0 (X11; Linux x86_64) AppleWebKit/537.36 (KHTML, like Gecko) Chrome/80.0.3987.122 Safari/537.36"
::1 - - [01/Mar/2020:11:08:40 +0000] "GET /css/product.css HTTP/1.1" 200 379 "http://localhost:3000/?page=1" "Mozilla/5.0 (X11; Linux x86_64) AppleWebKit/537.36 (KHTML, like Gecko) Chrome/80.0.3987.122 Safari/537.36"
::1 - - [01/Mar/2020:11:08:40 +0000] "GET /images/2020-03-01T09:34:22.312Z-The%20Psychology%20Book.jpg HTTP/1.1" 200 79202 "http://localhost:3000/?page=1" "Mozilla/5.0 (X11; Linux x86_64) AppleWebKit/537.36 (KHTML, like Gecko) Chrome/80.0.3987.122 Safari/537.36"
::1 - - [01/Mar/2020:11:08:40 +0000] "GET /images/2020-03-01T09:35:35.387Z-100+%20Management%20Models.jpg HTTP/1.1" 200 41749 "http://localhost:3000/?page=1" "Mozilla/5.0 (X11; Linux x86_64) AppleWebKit/537.36 (KHTML, like Gecko) Chrome/80.0.3987.122 Safari/537.36"
::1 - - [01/Mar/2020:11:08:40 +0000] "GET /js/main.js HTTP/1.1" 200 519 "http://localhost:3000/?page=1" "Mozilla/5.0 (X11; Linux x86_64) AppleWebKit/537.36 (KHTML, like Gecko) Chrome/80.0.3987.122 Safari/537.36"
::1 - - [01/Mar/2020:11:08:40 +0000] "GET /images/2020-03-01T09:36:35.319Z-The%20Politics%20Book.jpg HTTP/1.1" 200 73348 "http://localhost:3000/?page=1" "Mozilla/5.0 (X11; Linux x86_64) AppleWebKit/537.36 (KHTML, like Gecko) Chrome/80.0.3987.122 Safari/537.36"
